C51 COMPILER V9.54   MAIN                                                                  07/09/2023 19:13:40 PAGE 1   


C51 COMPILER V9.54, COMPILATION OF MODULE MAIN
OBJECT MODULE PLACED IN .\OBJ\main.obj
COMPILER INVOKED BY: E:\Keil_v5\C51\BIN\C51.EXE main.c OPTIMIZE(8,SPEED) BROWSE INCDIR(.\SRC) DEBUG OBJECTEXTEND TABS(2)
                    - OBJECT(.\OBJ\main.obj)

line level    source

   1          //////////////////////////////////////////////////////////////////////////////////   
   2          //本程序只供学习使用，未经作者许可，不得用于其它任何用途
   3          //测试硬件：单片机STC89C52RC,晶振30M  单片机工作电压3.3V或5V
   4          //QDtech-OLED液晶驱动 for C51
   5          //xiao冯@ShenZhen QDtech co.,LTD
   6          //公司网站:www.qdtech.net
   7          //淘宝网站：http://qdtech.taobao.com
   8          //我司提供技术支持，任何技术问题欢迎随时交流学习 
   9          //邮箱:QDtech2008@gmail.com 
  10          //Skype:QDtech2008
  11          //技术交流QQ群:324828016
  12          //创建日期:2018/6/6
  13          //版本：V1.0
  14          //版权所有，盗版必究。
  15          //Copyright(C) 深圳市全动电子技术有限公司 2009-2019
  16          //All rights reserved
  17          /****************************************************************************************************
  18          //=========================================电源接线================================================//
  19          //      5V  接DC 5V电源
  20          //     GND  接地
  21          //======================================OLED屏数据线接线==========================================//
  22          //本模块数据总线类型为IIC
  23          //     SCL  接P2.3    // IIC时钟信号
  24          //     SDA  接P2.4    // IIC数据信号
  25          //======================================OLED屏控制线接线==========================================//
  26          //本模块数据总线类型为IIC，不需要接控制信号线    
  27          //=========================================触摸屏接线=========================================//
  28          //本模块本身不带触摸，不需要接触摸屏线
  29          //============================================================================================//
  30            * @attention
  31            *
  32            * THE PRESENT FIRMWARE WHICH IS FOR GUIDANCE ONLY AIMS AT PROVIDING CUSTOMERS
  33            * WITH CODING INFORMATION REGARDING THEIR PRODUCTS IN ORDER FOR THEM TO SAVE
  34            * TIME. AS A RESULT, QD electronic SHALL NOT BE HELD LIABLE FOR ANY
  35            * DIRECT, INDIRECT OR CONSEQUENTIAL DAMAGES WITH RESPECT TO ANY CLAIMS ARISING
  36            * FROM THE CONTENT OF SUCH FIRMWARE AND/OR THE USE MADE BY CUSTOMERS OF THE
  37            * CODING INFORMATION CONTAINED HEREIN IN CONNECTION WITH THEIR PRODUCTS.
  38          **************************************************************************************************/ 
  39          
  40          #include "REG51.h"
  41          #include "oled.h"
  42          #include "bmp.h"
  43          
  44           int main(void)
  45           {  u8 t;
  46   1          OLED_Init();      //初始化OLED  
  47   1          OLED_Clear(0); 
  48   1          t=' ';
  49   1        while(1) 
  50   1        {   
  51   2          OLED_Clear(0);
  52   2          OLED_ShowCHinese(6,0,0);//全
  53   2          OLED_ShowCHinese(26,0,1);//动
  54   2          OLED_ShowCHinese(46,0,2);//电
C51 COMPILER V9.54   MAIN                                                                  07/09/2023 19:13:40 PAGE 2   

  55   2          OLED_ShowCHinese(66,0,3);//子
  56   2          OLED_ShowCHinese(86,0,4);//技
  57   2          OLED_ShowCHinese(106,0,5);//术
  58   2          OLED_ShowString(6,3,"0.96' OLED TEST",16); 
  59   2          OLED_ShowString(0,6,"ASCII:",16);  
  60   2          OLED_ShowString(63,6,"CODE:",16);  
  61   2          OLED_ShowChar(48,6,t,16);//显示ASCII字符     
  62   2          t++;
  63   2          if(t>'~')t=' ';
  64   2          OLED_ShowNum(103,6,t,3,16);//显示ASCII字符的码值  
  65   2          delay_ms(5000);
  66   2          OLED_DrawBMP(0,0,128,8,BMP1);  //图片显示(图片显示目前只能显示2张图片，生成的字表较大，会占用较多空间，F
             -LASH空间8K以下慎用)   
  67   2          delay_ms(5000);
  68   2          OLED_Clear(0); 
  69   2          OLED_DrawBMP(0,0,128,8,BMP2);
  70   2          delay_ms(5000);
  71   2          OLED_Clear(0); 
  72   2          OLED_DrawBMP(0,0,128,8,BMP3);
  73   2          delay_ms(5000);
  74   2          OLED_Clear(0); 
  75   2          OLED_DrawBMP(0,0,128,8,BMP4);
  76   2          delay_ms(5000);
  77   2        }   
  78   1        
  79   1      }
  80            


MODULE INFORMATION:   STATIC OVERLAYABLE
   CODE SIZE        =    297    ----
   CONSTANT SIZE    =   4125    ----
   XDATA SIZE       =   ----    ----
   PDATA SIZE       =   ----    ----
   DATA SIZE        =   ----       1
   IDATA SIZE       =   ----    ----
   BIT SIZE         =   ----    ----
END OF MODULE INFORMATION.


C51 COMPILATION COMPLETE.  0 WARNING(S),  0 ERROR(S)
