C51 COMPILER V9.54   FUNCTION                                                              07/23/2023 19:05:06 PAGE 1   


C51 COMPILER V9.54, COMPILATION OF MODULE FUNCTION
OBJECT MODULE PLACED IN .\output\function.obj
COMPILER INVOKED BY: E:\Keil_v5\C51\BIN\C51.EXE function.c OPTIMIZE(8,SPEED) BROWSE INCDIR(.\inc) DEBUG OBJECTEXTEND PRI
                    -NT(.\list\function.lst) TABS(2) OBJECT(.\output\function.obj)

line level    source

   1          #include "main.h"
   2          
   3          //ÏÔÊ¾×ª»»Æ÷
   4          int pos[8];
   5          int i;
   6          void setprint(char c0,char c1,char c2,char c3,char c4,char c5,char c6,char c7)
   7          {
   8   1        char c[8];
   9   1        c[0]=c0;c[1]=c1;c[2]=c2;c[3]=c3;c[4]=c4;c[5]=c5;c[6]=c6;c[7]=c7;
  10   1        i=0;
  11   1        while (i<8)
  12   1        {
  13   2          if ('0'<=c[i] && c[i]<='9') pos[i]=c[i]-'0';
  14   2          else if ('A'<=c[i] && c[i]<='Z') pos[i]=c[i]-'A'+30;
  15   2          else if (c[i]=='-') pos[i]=12;
  16   2          i++;
  17   2        }
  18   1      }
  19          
  20          void myKey_callback()
  21          { 
  22   1        char status=GetKeyAct(enumKey1);
  23   1        if(status ==  enumKeyPress) 
  24   1          {   
  25   2            SetDisplayerArea(0,7);
  26   2            setprint('H','N','U','-','C','S','E','E');
  27   2            Seg7Print(pos[0],pos[1],pos[2],pos[3],pos[4],pos[5],pos[6],pos[7]);
  28   2          }
  29   1        else if(status == enumKeyRelease)
  30   1          {   
  31   2            SetDisplayerArea(0,0);
  32   2            Seg7Print(0,0,0,0,0,0,0,0);
  33   2          }
  34   1      }
  35          
  36          
  37          /*
  38          void my100mS_callback()
  39          { 
  40            unsigned int num = GetADC().Rop;
  41            Seg7Print(0,0,0,0,0,num/100,num/10,num%10);
  42            LedPrint(0);
  43            if (num<20)
  44            {
  45              SetBeep(1200,200);
  46            }
  47            else if (num>100)
  48            {
  49              SetBeep(2000,200);
  50            }
  51          }
  52          */
  53          
  54          void my100mS_callback()
C51 COMPILER V9.54   FUNCTION                                                              07/23/2023 19:05:06 PAGE 2   

  55          { unsigned char a;
  56   1        if( a != 0) a=a<<1;
  57   1          else a=0x01;
  58   1        LedPrint(a);
  59   1      }


MODULE INFORMATION:   STATIC OVERLAYABLE
   CODE SIZE        =    278    ----
   CONSTANT SIZE    =    828    ----
   XDATA SIZE       =   ----    ----
   PDATA SIZE       =   ----    ----
   DATA SIZE        =     18      18
   IDATA SIZE       =   ----    ----
   BIT SIZE         =   ----    ----
END OF MODULE INFORMATION.


C51 COMPILATION COMPLETE.  0 WARNING(S),  0 ERROR(S)
